# JRE version: Java(TM) SE Runtime Environment (23.0.1+11) (build 23.0.1+11-39)
# Java VM: Java HotSpot(TM) 64-Bit Server VM (23.0.1+11-39, mixed mode, sharing, tiered, compressed oops, compressed class ptrs, g1 gc, windows-amd64)
GC Precious Log:
 CardTable entry size: 512
 Card Set container configuration: InlinePtr #cards 5 size 8 Array Of Cards #cards 10 size 36 Howl #buckets 4 coarsen threshold 1843 Howl Bitmap #cards 512 size 80 coarsen threshold 460 Card regions per heap region 1 cards per card region 2048
 CPUs: 8 total, 8 available
 Memory: 7413M
 Large Page Support: Disabled
 NUMA Support: Disabled
 Compressed Oops: Enabled (32-bit)
 Heap Region Size: 1M
 Heap Min Capacity: 8M
 Heap Initial Capacity: 116M
 Heap Max Capacity: 1854M
 Pre-touch: Disabled
 Parallel Workers: 8
 Concurrent Workers: 2
 Concurrent Refinement Workers: 8
 Periodic GC: Disabled
Heap:
 garbage-first heap   total reserved 1898496K, committed 121856K, used 65388K [0x000000008c200000, 0x0000000100000000)
  region size 1024K, 2 young (2048K), 2 survivors (2048K)
 Metaspace       used 75820K, committed 76480K, reserved 1179648K
  class space    used 10651K, committed 10944K, reserved 1048576K
GC Heap History (20 events):
Event: 23.405 GC heap after
{Heap after GC invocations=23 (full 0):
 garbage-first heap   total reserved 1898496K, committed 55296K, used 33676K [0x000000008c200000, 0x0000000100000000)
  region size 1024K, 1 young (1024K), 1 survivors (1024K)
 Metaspace       used 73398K, committed 74112K, reserved 1114112K
  class space    used 10228K, committed 10560K, reserved 1048576K
}
Event: 23.609 GC heap before
{Heap before GC invocations=23 (full 0):
 garbage-first heap   total reserved 1898496K, committed 55296K, used 49036K [0x000000008c200000, 0x0000000100000000)
  region size 1024K, 16 young (16384K), 1 survivors (1024K)
 Metaspace       used 74160K, committed 74880K, reserved 1114112K
  class space    used 10440K, committed 10752K, reserved 1048576K
}
Event: 23.611 GC heap after
{Heap after GC invocations=24 (full 0):
 garbage-first heap   total reserved 1898496K, committed 55296K, used 34028K [0x000000008c200000, 0x0000000100000000)
  region size 1024K, 2 young (2048K), 2 survivors (2048K)
 Metaspace       used 74160K, committed 74880K, reserved 1114112K
  class space    used 10440K, committed 10752K, reserved 1048576K
}
Event: 23.810 GC heap before
{Heap before GC invocations=24 (full 0):
 garbage-first heap   total reserved 1898496K, committed 55296K, used 47340K [0x000000008c200000, 0x0000000100000000)
  region size 1024K, 16 young (16384K), 2 survivors (2048K)
 Metaspace       used 75559K, committed 76288K, reserved 1114112K
  class space    used 10629K, committed 10944K, reserved 1048576K
}
Event: 23.813 GC heap after
{Heap after GC invocations=25 (full 0):
 garbage-first heap   total reserved 1898496K, committed 55296K, used 34449K [0x000000008c200000, 0x0000000100000000)
  region size 1024K, 1 young (1024K), 1 survivors (1024K)
 Metaspace       used 75559K, committed 76288K, reserved 1114112K
  class space    used 10629K, committed 10944K, reserved 1048576K
}
Event: 24.005 GC heap before
{Heap before GC invocations=26 (full 0):
 garbage-first heap   total reserved 1898496K, committed 58368K, used 49809K [0x000000008c200000, 0x0000000100000000)
  region size 1024K, 16 young (16384K), 1 survivors (1024K)
 Metaspace       used 75725K, committed 76416K, reserved 1179648K
  class space    used 10648K, committed 10944K, reserved 1048576K
}
Event: 24.007 GC heap after
{Heap after GC invocations=27 (full 0):
 garbage-first heap   total reserved 1898496K, committed 58368K, used 35024K [0x000000008c200000, 0x0000000100000000)
  region size 1024K, 2 young (2048K), 2 survivors (2048K)
 Metaspace       used 75725K, committed 76416K, reserved 1179648K
  class space    used 10648K, committed 10944K, reserved 1048576K
}
Event: 24.064 GC heap before
{Heap before GC invocations=27 (full 0):
 garbage-first heap   total reserved 1898496K, committed 58368K, used 51408K [0x000000008c200000, 0x0000000100000000)
  region size 1024K, 18 young (18432K), 2 survivors (2048K)
 Metaspace       used 75761K, committed 76416K, reserved 1179648K
  class space    used 10649K, committed 10944K, reserved 1048576K
}
Event: 24.072 GC heap after
{Heap after GC invocations=28 (full 0):
 garbage-first heap   total reserved 1898496K, committed 61440K, used 41055K [0x000000008c200000, 0x0000000100000000)
  region size 1024K, 3 young (3072K), 3 survivors (3072K)
 Metaspace       used 75761K, committed 76416K, reserved 1179648K
  class space    used 10649K, committed 10944K, reserved 1048576K
}
Event: 24.116 GC heap before
{Heap before GC invocations=28 (full 0):
 garbage-first heap   total reserved 1898496K, committed 61440K, used 53343K [0x000000008c200000, 0x0000000100000000)
  region size 1024K, 15 young (15360K), 3 survivors (3072K)
 Metaspace       used 75775K, committed 76416K, reserved 1179648K
  class space    used 10651K, committed 10944K, reserved 1048576K
}
Event: 24.121 GC heap after
{Heap after GC invocations=29 (full 0):
 garbage-first heap   total reserved 1898496K, committed 83968K, used 43204K [0x000000008c200000, 0x0000000100000000)
  region size 1024K, 2 young (2048K), 2 survivors (2048K)
 Metaspace       used 75775K, committed 76416K, reserved 1179648K
  class space    used 10651K, committed 10944K, reserved 1048576K
}
Event: 24.219 GC heap before
{Heap before GC invocations=30 (full 0):
 garbage-first heap   total reserved 1898496K, committed 83968K, used 68804K [0x000000008c200000, 0x0000000100000000)
  region size 1024K, 28 young (28672K), 2 survivors (2048K)
 Metaspace       used 75795K, committed 76480K, reserved 1179648K
  class space    used 10651K, committed 10944K, reserved 1048576K
}
Event: 24.227 GC heap after
{Heap after GC invocations=31 (full 0):
 garbage-first heap   total reserved 1898496K, committed 83968K, used 52382K [0x000000008c200000, 0x0000000100000000)
  region size 1024K, 4 young (4096K), 4 survivors (4096K)
 Metaspace       used 75795K, committed 76480K, reserved 1179648K
  class space    used 10651K, committed 10944K, reserved 1048576K
}
Event: 24.264 GC heap before
{Heap before GC invocations=31 (full 0):
 garbage-first heap   total reserved 1898496K, committed 83968K, used 70814K [0x000000008c200000, 0x0000000100000000)
  region size 1024K, 22 young (22528K), 4 survivors (4096K)
 Metaspace       used 75818K, committed 76480K, reserved 1179648K
  class space    used 10651K, committed 10944K, reserved 1048576K
}
Event: 24.270 GC heap after
{Heap after GC invocations=32 (full 0):
 garbage-first heap   total reserved 1898496K, committed 83968K, used 56320K [0x000000008c200000, 0x0000000100000000)
  region size 1024K, 3 young (3072K), 3 survivors (3072K)
 Metaspace       used 75818K, committed 76480K, reserved 1179648K
  class space    used 10651K, committed 10944K, reserved 1048576K
}
Event: 24.302 GC heap before
{Heap before GC invocations=32 (full 0):
 garbage-first heap   total reserved 1898496K, committed 83968K, used 71680K [0x000000008c200000, 0x0000000100000000)
  region size 1024K, 19 young (19456K), 3 survivors (3072K)
 Metaspace       used 75819K, committed 76480K, reserved 1179648K
  class space    used 10651K, committed 10944K, reserved 1048576K
}
Event: 24.309 GC heap after
{Heap after GC invocations=33 (full 0):
 garbage-first heap   total reserved 1898496K, committed 83968K, used 63277K [0x000000008c200000, 0x0000000100000000)
  region size 1024K, 3 young (3072K), 3 survivors (3072K)
 Metaspace       used 75819K, committed 76480K, reserved 1179648K
  class space    used 10651K, committed 10944K, reserved 1048576K
}
Event: 24.343 GC heap before
{Heap before GC invocations=33 (full 0):
 garbage-first heap   total reserved 1898496K, committed 83968K, used 74541K [0x000000008c200000, 0x0000000100000000)
  region size 1024K, 14 young (14336K), 3 survivors (3072K)
 Metaspace       used 75820K, committed 76480K, reserved 1179648K
  class space    used 10651K, committed 10944K, reserved 1048576K
}
Event: 24.348 GC heap after
{Heap after GC invocations=34 (full 0):
 garbage-first heap   total reserved 1898496K, committed 83968K, used 68608K [0x000000008c200000, 0x0000000100000000)
  region size 1024K, 2 young (2048K), 2 survivors (2048K)
 Metaspace       used 75820K, committed 76480K, reserved 1179648K
  class space    used 10651K, committed 10944K, reserved 1048576K
}
Event: 24.369 GC heap before
{Heap before GC invocations=35 (full 0):
 garbage-first heap   total reserved 1898496K, committed 104448K, used 69632K [0x000000008c200000, 0x0000000100000000)
  region size 1024K, 9 young (9216K), 2 survivors (2048K)
 Metaspace       used 75820K, committed 76480K, reserved 1179648K
  class space    used 10651K, committed 10944K, reserved 1048576K
}

